<?xml version="1.0" encoding="UTF-8"?>
<!-- Generated by org.testng.reporters.JUnitReportReporter -->
<testsuite hostname="CP34N63" failures="0" tests="5" name="com.selenium.TestBeforeLogin" time="25.782" errors="0" timestamp="2023-01-31T13:34:39 IST" skipped="0">
  <testcase classname="com.selenium.TestBeforeLogin" name="goToTodaysDeal" time="2.123"/>
  <system-out/>
  <testcase classname="com.selenium.TestBeforeLogin" name="thirdItemInDeals" time="9.041"/>
  <system-out/>
  <testcase classname="com.selenium.TestBeforeLogin" name="SendItemToCartWithMinQty" time="5.224"/>
  <system-out/>
  <testcase classname="com.selenium.TestBeforeLogin" name="Mobiles" time="6.696"/>
  <system-out/>
  <testcase classname="com.selenium.TestBeforeLogin" name="navigateLeftNavToMainMenu" time="2.698"/>
  <system-out/>
</testsuite> <!-- com.selenium.TestBeforeLogin -->
