<?xml version="1.0" encoding="UTF-8"?>
<!-- Generated by org.testng.reporters.JUnitReportReporter -->
<testsuite hostname="CP34N63" failures="0" tests="4" name="com.selenium.TestAfterLogin" time="44.608" errors="0" timestamp="2023-01-31T11:34:08 IST" skipped="0">
  <testcase classname="com.selenium.TestAfterLogin" name="enablePrimeCheckBox" time="18.570"/>
  <system-out/>
  <testcase classname="com.selenium.TestAfterLogin" name="goToOrdersTab" time="13.144"/>
  <system-out/>
  <testcase classname="com.selenium.TestAfterLogin" name="addingDeliveryAddress" time="7.722"/>
  <system-out/>
  <testcase classname="com.selenium.TestAfterLogin" name="paymentOptions" time="5.172"/>
  <system-out/>
</testsuite> <!-- com.selenium.TestAfterLogin -->
