<?xml version="1.0" encoding="UTF-8"?>
<!-- Generated by org.testng.reporters.JUnitReportReporter -->
<testsuite hostname="CP34N63" failures="0" tests="4" name="com.selenium.TestAfterLogin" time="43.722" errors="0" timestamp="2023-01-31T14:00:26 IST" skipped="0">
  <testcase classname="com.selenium.TestAfterLogin" name="enablePrimeCheckBox" time="17.780"/>
  <system-out/>
  <testcase classname="com.selenium.TestAfterLogin" name="goToOrdersTab" time="13.650"/>
  <system-out/>
  <testcase classname="com.selenium.TestAfterLogin" name="addingDeliveryAddress" time="7.122"/>
  <system-out/>
  <testcase classname="com.selenium.TestAfterLogin" name="paymentOptions" time="5.170"/>
  <system-out/>
</testsuite> <!-- com.selenium.TestAfterLogin -->
