<?xml version="1.0" encoding="UTF-8"?>
<!-- Generated by org.testng.reporters.JUnitReportReporter -->
<testsuite hostname="CP34N63" failures="0" tests="5" name="com.selenium.TestBeforeLogin" time="23.692" errors="0" timestamp="2023-02-01T16:40:32 IST" skipped="0">
  <testcase classname="com.selenium.TestBeforeLogin" name="goToTodaysDeal" time="2.243"/>
  <system-out/>
  <testcase classname="com.selenium.TestBeforeLogin" name="thirdItemInDeals" time="9.601"/>
  <system-out/>
  <testcase classname="com.selenium.TestBeforeLogin" name="SendItemToCartWithMinQty" time="6.134"/>
  <system-out/>
  <testcase classname="com.selenium.TestBeforeLogin" name="Mobiles" time="3.559"/>
  <system-out/>
  <testcase classname="com.selenium.TestBeforeLogin" name="navigateLeftNavToMainMenu" time="2.155"/>
  <system-out/>
</testsuite> <!-- com.selenium.TestBeforeLogin -->
