<?xml version="1.0" encoding="UTF-8"?>
<!-- Generated by org.testng.reporters.JUnitReportReporter -->
<testsuite hostname="CP34N63" failures="0" tests="5" name="com.selenium.TestBeforeLogin" time="25.761" errors="0" timestamp="2023-01-31T11:32:58 IST" skipped="0">
  <testcase classname="com.selenium.TestBeforeLogin" name="goToTodaysDeal" time="1.715"/>
  <system-out/>
  <testcase classname="com.selenium.TestBeforeLogin" name="thirdItemInDeals" time="4.698"/>
  <system-out/>
  <testcase classname="com.selenium.TestBeforeLogin" name="SendItemToCartWithMinQty" time="10.001"/>
  <system-out/>
  <testcase classname="com.selenium.TestBeforeLogin" name="Mobiles" time="7.382"/>
  <system-out/>
  <testcase classname="com.selenium.TestBeforeLogin" name="navigateLeftNavToMainMenu" time="1.965"/>
  <system-out/>
</testsuite> <!-- com.selenium.TestBeforeLogin -->
